100file not load to vk - c:\myProject\python\vk api\images\STAFF ÝÊÎÍÎÌ-500x500.png
101file not load to vk - c:\myProject\python\vk api\images\ERICH KRAUSE «Megapolis concept nab 1-500x500.png
102file not load to vk - c:\myProject\python\vk api\images\BIC «Atlantis»-500x500.png
116file not load to vk - c:\myProject\python\vk api\images\BIC «Matic Grip»-500x500.png
117file not load to vk - c:\myProject\python\vk api\images\BIC «Velocity»-500x500.png
118file not load to vk - c:\myProject\python\vk api\images\BIC (Ôðàíöèÿ), «Matic Classic»,-500x500.png
119file not load to vk - c:\myProject\python\vk api\images\BRAUBERG «Black Jack»-500x500.png
120file not load to vk - c:\myProject\python\vk api\images\PAPER MATE «2020»,-500x500.png
125file not load to vk - c:\myProject\python\vk api\images\PILOT H-187 «Super Grip»,-500x500.png
127file not load to vk - c:\myProject\python\vk api\images\PILOT Í-327-500x500.png
131file not load to vk - c:\myProject\python\vk api\images\STAEDTLER (ØÒÅÄËÅÐ, Ãåðìàíèÿ) «Graphite»,-500x500.png
133file not load to vk - c:\myProject\python\vk api\images\ZEBRA «Fun»,-500x500.png
135file not load to vk - c:\myProject\python\vk api\images\BRAUBERG (ÁÐÀÓÁÅÐÃ) + ãðèô-500x500.png
182file not load to vk - c:\myProject\python\vk api\images\BEIFA ñèí-500x500.png
183file not load to vk - c:\myProject\python\vk api\images\BEIFA ÷åð-500x500.png
184file not load to vk - c:\myProject\python\vk api\images\BEIFA ñèíÿÿ-500x500.png
2925file not load to vk - c:\myProject\python\vk api\images\ ñ ñàõàðîì-500x500.png
3155file not load to vk - c:\myProject\python\vk api\images\h000010-500x500.jpg
3254file not load to vk - c:\myProject\python\vk api\images\a20187-500x500.jpg
3339file not load to vk - c:\myProject\python\vk api\images\1626×Ó-500x500.png
3400file not load to vk - c:\myProject\python\vk api\images\A02190-500x500.jpg
3575file not load to vk - c:\myProject\python\vk api\images\210491-500x500.png
3618file not load to vk - c:\myProject\python\vk api\images\102307-500x500.jpg
3661file not load to vk - c:\myProject\python\vk api\images\290099-500x500.jpg
3788file not load to vk - c:\myProject\python\vk api\images\221348-500x500.jpg
3789file not load to vk - c:\myProject\python\vk api\images\221117-500x500.jpg
3832file not load to vk - c:\myProject\python\vk api\images\236310-500x500.jpg
3875file not load to vk - c:\myProject\python\vk api\images\640040-500x500.jpg
3894file not load to vk - c:\myProject\python\vk api\images\230926-500x500.jpg
4066file not load to vk - c:\myProject\python\vk api\images\361767-500x500.jpg
4339file not load to vk - c:\myProject\python\vk api\images\600020-500x500.jpg
4402file not load to vk - c:\myProject\python\vk api\images\210556-500x500.jpg
4514file not load to vk - c:\myProject\python\vk api\images\290097-500x500.jpg
4608file not load to vk - c:\myProject\python\vk api\images\290804-500x500.jpg
4628file not load to vk - c:\myProject\python\vk api\images\290932-500x500.jpg
4717file not load to vk - c:\myProject\python\vk api\images\353453-500x500.jpg
4728file not load to vk - c:\myProject\python\vk api\images\512026-500x500.jpg
4744file not load to vk - c:\myProject\python\vk api\images\511700-500x500.jpg
4780file not load to vk - c:\myProject\python\vk api\images\511126-500x500.jpg
4861file not load to vk - c:\myProject\python\vk api\images\511576-500x500.jpg
5024file not load to vk - c:\myProject\python\vk api\images\232295-500x500.jpg
5079file not load to vk - c:\myProject\python\vk api\images\450770-500x500.jpg
5110file not load to vk - c:\myProject\python\vk api\images\452916-500x500.jpg
5265file not load to vk - c:\myProject\python\vk api\images\222529-500x500.jpg
5353file not load to vk - c:\myProject\python\vk api\images\390774-500x500.jpg
5386file not load to vk - c:\myProject\python\vk api\images\150585-500x500.jpg
5481file not load to vk - c:\myProject\python\vk api\images\620747-500x500.jpg
5493file not load to vk - c:\myProject\python\vk api\images\620713-500x500.jpg
5514file not load to vk - c:\myProject\python\vk api\images\200381-500x500.jpg
5523file not load to vk - c:\myProject\python\vk api\images\200424-500x500.jpg
5617file not load to vk - c:\myProject\python\vk api\images\200285-500x500.jpg
5653file not load to vk - c:\myProject\python\vk api\images\200462-500x500.jpg
5654file not load to vk - c:\myProject\python\vk api\images\200464-500x500.jpg
5662file not load to vk - c:\myProject\python\vk api\images\200476-500x500.jpg
5711file not load to vk - c:\myProject\python\vk api\images\127068-500x500.jpg
5868file not load to vk - c:\myProject\python\vk api\images\190578-500x500.jpg
5939file not load to vk - c:\myProject\python\vk api\images\190901-500x500.jpg
6120file not load to vk - c:\myProject\python\vk api\images\190518-500x500.jpg
6166file not load to vk - c:\myProject\python\vk api\images\190477-500x500.jpg
6222file not load to vk - c:\myProject\python\vk api\images\601590-500x500.jpg
6316file not load to vk - c:\myProject\python\vk api\images\601489-500x500.jpg
6368file not load to vk - c:\myProject\python\vk api\images\601381-500x500.jpg
63file not load to vk - c:\myProject\python\vk api\images\BRAUBERG «Classic»-500x500.png
6451file not load to vk - c:\myProject\python\vk api\images\601430-500x500.jpg
6490file not load to vk - c:\myProject\python\vk api\images\602655-500x500.jpg
6509file not load to vk - c:\myProject\python\vk api\images\601406-500x500.jpg
6524file not load to vk - c:\myProject\python\vk api\images\601356-500x500.jpg
65file not load to vk - c:\myProject\python\vk api\images\BRAUBERG «Comfort»black-500x500.png
6760file not load to vk - c:\myProject\python\vk api\images\231748-500x500.jpg
6789file not load to vk - c:\myProject\python\vk api\images\231879-500x500.jpg
6907file not load to vk - c:\myProject\python\vk api\images\512038-500x500.jpg
6909file not load to vk - c:\myProject\python\vk api\images\511299-500x500.jpg
6915file not load to vk - c:\myProject\python\vk api\images\512060-500x500.jpg
6934file not load to vk - c:\myProject\python\vk api\images\511296-500x500.jpg
6936file not load to vk - c:\myProject\python\vk api\images\511278-500x500.jpg
6940file not load to vk - c:\myProject\python\vk api\images\511065-500x500.jpg
7206file not load to vk - c:\myProject\python\vk api\images\225339-500x500.jpg
7340file not load to vk - c:\myProject\python\vk api\images\F02393-500x500.jpg
7414file not load to vk - c:\myProject\python\vk api\images\225779-500x500.jpg
7415file not load to vk - c:\myProject\python\vk api\images\225789-500x500.jpg
74file not load to vk - c:\myProject\python\vk api\images\ERICH KRAUSE «Black Pointer»-500x500.png
7501file not load to vk - c:\myProject\python\vk api\images\225873-500x500.jpg
75file not load to vk - c:\myProject\python\vk api\images\ERICH KRAUSE «Megapolis Concept»-500x500.png
76file not load to vk - c:\myProject\python\vk api\images\ERICH KRAUSE «Tropic»-500x500.png
77file not load to vk - c:\myProject\python\vk api\images\FABER-CASTELL «GRIP Matic»-500x500.png
78file not load to vk - c:\myProject\python\vk api\images\FABER-CASTELL (Ãåðìàíèÿ) TK-FINE EXECUTIVE-500x500.png
79file not load to vk - c:\myProject\python\vk api\images\KOH-I-NOOR «Geometry»-500x500.png
80file not load to vk - c:\myProject\python\vk api\images\KOH-I-NOOR «Mephisto»-500x500.png
81file not load to vk - c:\myProject\python\vk api\images\MAPED (Ôðàíöèÿ) «Black Pep's»-500x500.png
82file not load to vk - c:\myProject\python\vk api\images\PENSAN «IQ+»-500x500.png
85file not load to vk - c:\myProject\python\vk api\images\PILOT H-185 «Super Grip»-500x500.png
8631file not load to vk - c:\myProject\python\vk api\images\530285-500x500.jpg
8647file not load to vk - c:\myProject\python\vk api\images\531255-500x500.jpg
8668file not load to vk - c:\myProject\python\vk api\images\531249-500x500.jpg
86file not load to vk - c:\myProject\python\vk api\images\PILOT H-185 «Super Grip», 2-500x500.png
8746file not load to vk - c:\myProject\python\vk api\images\110793-500x500.jpg
87file not load to vk - c:\myProject\python\vk api\images\PILOT H-185 «Super Grip», 4-500x500.png
8830file not load to vk - c:\myProject\python\vk api\images\610645-500x500.jpg
88file not load to vk - c:\myProject\python\vk api\images\PILOT H-185 «Super Grip», 6-500x500.png
8904file not load to vk - c:\myProject\python\vk api\images\127317-500x500.jpg
8956file not load to vk - c:\myProject\python\vk api\images\200428-500x500.jpg
8963file not load to vk - c:\myProject\python\vk api\images\200231-500x500.jpg
89file not load to vk - c:\myProject\python\vk api\images\PILOT Í-105 «Rex Grip-500x500.png
9016file not load to vk - c:\myProject\python\vk api\images\451475-500x500.jpg
90file not load to vk - c:\myProject\python\vk api\images\PILOT Í-165-500x500.png
9113file not load to vk - c:\myProject\python\vk api\images\230928-500x500.jpg
9183file not load to vk - c:\myProject\python\vk api\images\ ÊÀÍÄÈ-500x500.jpg
9198file not load to vk - c:\myProject\python\vk api\images\235590-500x500.jpg
91file not load to vk - c:\myProject\python\vk api\images\PILOT Í-165 blue-500x500.png
9204file not load to vk - c:\myProject\python\vk api\images\235715-500x500.jpg
92file not load to vk - c:\myProject\python\vk api\images\PILOT Í-165 black-500x500.png
9311file not load to vk - c:\myProject\python\vk api\images\129151-500x500.jpg
9342file not load to vk - c:\myProject\python\vk api\images\511118-500x500.jpg
93file not load to vk - c:\myProject\python\vk api\images\PILOT Í-185 NEON «Super Grip»,-500x500.png
94file not load to vk - c:\myProject\python\vk api\images\PILOT Í-185 NEON «Super Grip» pink-500x500.png
95file not load to vk - c:\myProject\python\vk api\images\PILOT Í-185 NEON «Super Grip» blue-500x500.png
96file not load to vk - c:\myProject\python\vk api\images\PILOT Í-325-500x500.png
97file not load to vk - c:\myProject\python\vk api\images\PILOT «REX GRIP» Í-105-500x500.png
98file not load to vk - c:\myProject\python\vk api\images\STAEDTLER «Graphite-500x500.png
99file not load to vk - c:\myProject\python\vk api\images\STAEDTLER «Triplus mic-500x500.png
file not load to vk - c:\myProject\python\vk api\images\BEIFA ñèí-500x500.png
file not load to vk - c:\myProject\python\vk api\images\BEIFA ñèíÿÿ-500x500.png
file not load to vk - c:\myProject\python\vk api\images\BEIFA ÷åð-500x500.png
file not load to vk - c:\myProject\python\vk api\images\BIC (Ôðàíöèÿ), «Matic Classic»,-500x500.png
file not load to vk - c:\myProject\python\vk api\images\BIC «Atlantis»-500x500.png
file not load to vk - c:\myProject\python\vk api\images\BIC «Matic Grip»-500x500.png
file not load to vk - c:\myProject\python\vk api\images\BIC «Velocity»-500x500.png
file not load to vk - c:\myProject\python\vk api\images\BRAUBERG (ÁÐÀÓÁÅÐÃ) + ãðèô-500x500.png
file not load to vk - c:\myProject\python\vk api\images\BRAUBERG «Black Jack»-500x500.png
file not load to vk - c:\myProject\python\vk api\images\BRAUBERG «Classic»-500x500.png
file not load to vk - c:\myProject\python\vk api\images\BRAUBERG «Comfort»black-500x500.png
file not load to vk - c:\myProject\python\vk api\images\ERICH KRAUSE «Black Pointer»-500x500.png
file not load to vk - c:\myProject\python\vk api\images\ERICH KRAUSE «Megapolis concept nab 1-500x500.png
file not load to vk - c:\myProject\python\vk api\images\ERICH KRAUSE «Megapolis Concept»-500x500.png
file not load to vk - c:\myProject\python\vk api\images\ERICH KRAUSE «Tropic»-500x500.png
file not load to vk - c:\myProject\python\vk api\images\FABER-CASTELL (Ãåðìàíèÿ) TK-FINE EXECUTIVE-500x500.png
file not load to vk - c:\myProject\python\vk api\images\FABER-CASTELL «GRIP Matic»-500x500.png
file not load to vk - c:\myProject\python\vk api\images\KOH-I-NOOR «Geometry»-500x500.png
file not load to vk - c:\myProject\python\vk api\images\KOH-I-NOOR «Mephisto»-500x500.png
file not load to vk - c:\myProject\python\vk api\images\MAPED (Ôðàíöèÿ) «Black Pep's»-500x500.png
file not load to vk - c:\myProject\python\vk api\images\PAPER MATE «2020»,-500x500.png
file not load to vk - c:\myProject\python\vk api\images\PENSAN «IQ+»-500x500.png
file not load to vk - c:\myProject\python\vk api\images\PILOT H-185 «Super Grip», 2-500x500.png
file not load to vk - c:\myProject\python\vk api\images\PILOT H-185 «Super Grip», 4-500x500.png
file not load to vk - c:\myProject\python\vk api\images\PILOT H-185 «Super Grip», 6-500x500.png
file not load to vk - c:\myProject\python\vk api\images\PILOT H-185 «Super Grip»-500x500.png
file not load to vk - c:\myProject\python\vk api\images\PILOT H-187 «Super Grip»,-500x500.png
file not load to vk - c:\myProject\python\vk api\images\PILOT «REX GRIP» Í-105-500x500.png
file not load to vk - c:\myProject\python\vk api\images\PILOT Í-105 «Rex Grip-500x500.png
file not load to vk - c:\myProject\python\vk api\images\PILOT Í-165 black-500x500.png
file not load to vk - c:\myProject\python\vk api\images\PILOT Í-165 blue-500x500.png
file not load to vk - c:\myProject\python\vk api\images\PILOT Í-165-500x500.png
file not load to vk - c:\myProject\python\vk api\images\PILOT Í-185 NEON «Super Grip» blue-500x500.png
file not load to vk - c:\myProject\python\vk api\images\PILOT Í-185 NEON «Super Grip» pink-500x500.png
file not load to vk - c:\myProject\python\vk api\images\PILOT Í-185 NEON «Super Grip»,-500x500.png
file not load to vk - c:\myProject\python\vk api\images\PILOT Í-325-500x500.png
file not load to vk - c:\myProject\python\vk api\images\PILOT Í-327-500x500.png
file not load to vk - c:\myProject\python\vk api\images\STAEDTLER (ØÒÅÄËÅÐ, Ãåðìàíèÿ) «Graphite»,-500x500.png
file not load to vk - c:\myProject\python\vk api\images\STAEDTLER «Graphite-500x500.png
file not load to vk - c:\myProject\python\vk api\images\STAEDTLER «Triplus mic-500x500.png
file not load to vk - c:\myProject\python\vk api\images\STAFF ÝÊÎÍÎÌ-500x500.png
file not load to vk - c:\myProject\python\vk api\images\ZEBRA «Fun»,-500x500.png